[09:26:34:990] [WARN] - org.springframework.boot.SpringApplicationRunListeners.callFinishedListener(SpringApplicationRunListeners.java:91) - Error handling failed (no error message)
[09:40:14:781] [WARN] - org.hibernate.id.UUIDHexGenerator.<init>(UUIDHexGenerator.java:42) - HHH000409: Using org.hibernate.id.UUIDHexGenerator which does not generate IETF RFC 4122 compliant UUID values; consider using org.hibernate.id.UUIDGenerator instead
[09:49:18:426] [WARN] - org.hibernate.id.UUIDHexGenerator.<init>(UUIDHexGenerator.java:42) - HHH000409: Using org.hibernate.id.UUIDHexGenerator which does not generate IETF RFC 4122 compliant UUID values; consider using org.hibernate.id.UUIDGenerator instead
[12:55:05:910] [WARN] - org.hibernate.id.UUIDHexGenerator.<init>(UUIDHexGenerator.java:42) - HHH000409: Using org.hibernate.id.UUIDHexGenerator which does not generate IETF RFC 4122 compliant UUID values; consider using org.hibernate.id.UUIDGenerator instead
[12:55:22:374] [WARN] - org.springframework.context.support.AbstractApplicationContext.refresh(AbstractApplicationContext.java:549) - Exception encountered during context initialization - cancelling refresh attempt: org.springframework.beans.factory.BeanCreationException: Error creating bean with name 'enableRedisKeyspaceNotificationsInitializer' defined in class path resource [org/springframework/session/data/redis/config/annotation/web/http/RedisHttpSessionConfiguration.class]: Invocation of init method failed; nested exception is org.springframework.data.redis.RedisConnectionFailureException: Cannot get Jedis connection; nested exception is redis.clients.jedis.exceptions.JedisConnectionException: Could not get a resource from the pool
[12:56:48:213] [WARN] - org.hibernate.id.UUIDHexGenerator.<init>(UUIDHexGenerator.java:42) - HHH000409: Using org.hibernate.id.UUIDHexGenerator which does not generate IETF RFC 4122 compliant UUID values; consider using org.hibernate.id.UUIDGenerator instead
[13:12:03:243] [WARN] - org.hibernate.id.UUIDHexGenerator.<init>(UUIDHexGenerator.java:42) - HHH000409: Using org.hibernate.id.UUIDHexGenerator which does not generate IETF RFC 4122 compliant UUID values; consider using org.hibernate.id.UUIDGenerator instead
[13:16:42:063] [WARN] - org.hibernate.id.UUIDHexGenerator.<init>(UUIDHexGenerator.java:42) - HHH000409: Using org.hibernate.id.UUIDHexGenerator which does not generate IETF RFC 4122 compliant UUID values; consider using org.hibernate.id.UUIDGenerator instead
[13:27:45:296] [WARN] - org.hibernate.id.UUIDHexGenerator.<init>(UUIDHexGenerator.java:42) - HHH000409: Using org.hibernate.id.UUIDHexGenerator which does not generate IETF RFC 4122 compliant UUID values; consider using org.hibernate.id.UUIDGenerator instead
[13:29:08:710] [WARN] - org.hibernate.engine.jdbc.spi.SqlExceptionHelper.logExceptions(SqlExceptionHelper.java:127) - SQL Error: 1451, SQLState: 23000
[14:22:30:228] [WARN] - org.hibernate.id.UUIDHexGenerator.<init>(UUIDHexGenerator.java:42) - HHH000409: Using org.hibernate.id.UUIDHexGenerator which does not generate IETF RFC 4122 compliant UUID values; consider using org.hibernate.id.UUIDGenerator instead
[14:32:49:485] [WARN] - org.hibernate.id.UUIDHexGenerator.<init>(UUIDHexGenerator.java:42) - HHH000409: Using org.hibernate.id.UUIDHexGenerator which does not generate IETF RFC 4122 compliant UUID values; consider using org.hibernate.id.UUIDGenerator instead
[14:50:24:707] [WARN] - org.hibernate.id.UUIDHexGenerator.<init>(UUIDHexGenerator.java:42) - HHH000409: Using org.hibernate.id.UUIDHexGenerator which does not generate IETF RFC 4122 compliant UUID values; consider using org.hibernate.id.UUIDGenerator instead
[14:54:02:525] [WARN] - org.hibernate.id.UUIDHexGenerator.<init>(UUIDHexGenerator.java:42) - HHH000409: Using org.hibernate.id.UUIDHexGenerator which does not generate IETF RFC 4122 compliant UUID values; consider using org.hibernate.id.UUIDGenerator instead
[15:01:07:309] [WARN] - org.hibernate.id.UUIDHexGenerator.<init>(UUIDHexGenerator.java:42) - HHH000409: Using org.hibernate.id.UUIDHexGenerator which does not generate IETF RFC 4122 compliant UUID values; consider using org.hibernate.id.UUIDGenerator instead
[15:02:23:524] [WARN] - org.hibernate.id.UUIDHexGenerator.<init>(UUIDHexGenerator.java:42) - HHH000409: Using org.hibernate.id.UUIDHexGenerator which does not generate IETF RFC 4122 compliant UUID values; consider using org.hibernate.id.UUIDGenerator instead
[15:27:20:252] [WARN] - org.hibernate.id.UUIDHexGenerator.<init>(UUIDHexGenerator.java:42) - HHH000409: Using org.hibernate.id.UUIDHexGenerator which does not generate IETF RFC 4122 compliant UUID values; consider using org.hibernate.id.UUIDGenerator instead
[15:39:53:522] [WARN] - org.hibernate.jpa.internal.EntityManagerFactoryRegistry.addEntityManagerFactory(EntityManagerFactoryRegistry.java:63) - HHH000436: Entity manager factory name (default) is already registered.  If entity manager will be clustered or passivated, specify a unique value for property 'hibernate.ejb.entitymanager_factory_name'
[15:40:54:221] [WARN] - org.hibernate.engine.jdbc.spi.SqlExceptionHelper.logExceptions(SqlExceptionHelper.java:127) - SQL Error: 1451, SQLState: 23000
[15:42:51:041] [WARN] - org.hibernate.engine.jdbc.spi.SqlExceptionHelper.logExceptions(SqlExceptionHelper.java:127) - SQL Error: 1451, SQLState: 23000
[16:18:24:956] [WARN] - org.hibernate.id.UUIDHexGenerator.<init>(UUIDHexGenerator.java:42) - HHH000409: Using org.hibernate.id.UUIDHexGenerator which does not generate IETF RFC 4122 compliant UUID values; consider using org.hibernate.id.UUIDGenerator instead
[16:58:38:045] [WARN] - org.hibernate.id.UUIDHexGenerator.<init>(UUIDHexGenerator.java:42) - HHH000409: Using org.hibernate.id.UUIDHexGenerator which does not generate IETF RFC 4122 compliant UUID values; consider using org.hibernate.id.UUIDGenerator instead
